<?xml version="1.0" encoding="UTF-8"?>
<!-- Generated by org.testng.reporters.JUnitXMLReporter -->
<testsuite ignored="0" hostname="LAPTOP-V0HJLHIK" failures="0" tests="5" name="Functional Testing" time="33.088" errors="0" timestamp="2022-04-24T20:03:27 IST">
  <testcase classname="com.demowebshop.test.HomePageTest" name="verifyHomePageTitle" time="0.7"/>
  <testcase classname="com.demowebshop.test.LoginPageTest" name="verifyLogin" time="2.246"/>
  <testcase classname="com.demowebshop.test.LoginPageTest" name="verifyLoginPageTitle" time="0.927"/>
  <testcase classname="com.demowebshop.test.MyAccountPageTest" name="verifyMyAccountTest" time="0.002"/>
  <testcase classname="com.demowebshop.test.RegisterPageTest" name="verifyRegisterPage" time="3.361"/>
</testsuite> <!-- Functional Testing -->
